# JRE version: OpenJDK Runtime Environment (16.0.1+9) (build 16.0.1+9-24)
# Java VM: OpenJDK 64-Bit Server VM (16.0.1+9-24, mixed mode, tiered, compressed oops, compressed class ptrs, g1 gc, windows-amd64)
GC Precious Log:
 CPUs: 4 total, 4 available
 Memory: 12147M
 Large Page Support: Disabled
 NUMA Support: Disabled
 Compressed Oops: Enabled (Zero based)
 Heap Region Size: 2M
 Heap Min Capacity: 8M
 Heap Initial Capacity: 190M
 Heap Max Capacity: 3038M
 Pre-touch: Disabled
 Parallel Workers: 4
 Concurrent Workers: 1
 Concurrent Refinement Workers: 4
 Periodic GC: Disabled
Heap:
 garbage-first heap   total 73728K, used 31437K [0x0000000742200000, 0x0000000800000000)
  region size 2048K, 5 young (10240K), 2 survivors (4096K)
 Metaspace       used 63986K, committed 64576K, reserved 1105920K
  class space    used 7572K, committed 7872K, reserved 1048576K
GC Heap History (20 events):
Event: 4411.888 GC heap after
{Heap after GC invocations=49 (full 4):
 garbage-first heap   total 61440K, used 25356K [0x0000000742200000, 0x0000000800000000)
  region size 2048K, 2 young (4096K), 2 survivors (4096K)
 Metaspace       used 63471K, committed 64064K, reserved 1105920K
  class space    used 7502K, committed 7808K, reserved 1048576K
}
Event: 4588.024 GC heap before
{Heap before GC invocations=49 (full 4):
 garbage-first heap   total 61440K, used 45836K [0x0000000742200000, 0x0000000800000000)
  region size 2048K, 13 young (26624K), 2 survivors (4096K)
 Metaspace       used 63499K, committed 64064K, reserved 1105920K
  class space    used 7504K, committed 7808K, reserved 1048576K
}
Event: 4588.027 GC heap after
{Heap after GC invocations=50 (full 4):
 garbage-first heap   total 73728K, used 25051K [0x0000000742200000, 0x0000000800000000)
  region size 2048K, 1 young (2048K), 1 survivors (2048K)
 Metaspace       used 63499K, committed 64064K, reserved 1105920K
  class space    used 7504K, committed 7808K, reserved 1048576K
}
Event: 4648.197 GC heap before
{Heap before GC invocations=50 (full 4):
 garbage-first heap   total 73728K, used 29147K [0x0000000742200000, 0x0000000800000000)
  region size 2048K, 4 young (8192K), 1 survivors (2048K)
 Metaspace       used 63510K, committed 64064K, reserved 1105920K
  class space    used 7506K, committed 7808K, reserved 1048576K
}
Event: 4648.264 GC heap after
{Heap after GC invocations=51 (full 5):
 garbage-first heap   total 73728K, used 21727K [0x0000000742200000, 0x0000000800000000)
  region size 2048K, 0 young (0K), 0 survivors (0K)
 Metaspace       used 63474K, committed 64064K, reserved 1105920K
  class space    used 7504K, committed 7808K, reserved 1048576K
}
Event: 4649.127 GC heap before
{Heap before GC invocations=51 (full 5):
 garbage-first heap   total 73728K, used 54495K [0x0000000742200000, 0x0000000800000000)
  region size 2048K, 17 young (34816K), 0 survivors (0K)
 Metaspace       used 63552K, committed 64128K, reserved 1105920K
  class space    used 7521K, committed 7808K, reserved 1048576K
}
Event: 4649.131 GC heap after
{Heap after GC invocations=52 (full 5):
 garbage-first heap   total 73728K, used 24348K [0x0000000742200000, 0x0000000800000000)
  region size 2048K, 2 young (4096K), 2 survivors (4096K)
 Metaspace       used 63552K, committed 64128K, reserved 1105920K
  class space    used 7521K, committed 7808K, reserved 1048576K
}
Event: 4649.435 GC heap before
{Heap before GC invocations=52 (full 5):
 garbage-first heap   total 73728K, used 53020K [0x0000000742200000, 0x0000000800000000)
  region size 2048K, 17 young (34816K), 2 survivors (4096K)
 Metaspace       used 63679K, committed 64192K, reserved 1105920K
  class space    used 7532K, committed 7808K, reserved 1048576K
}
Event: 4649.441 GC heap after
{Heap after GC invocations=53 (full 5):
 garbage-first heap   total 73728K, used 25379K [0x0000000742200000, 0x0000000800000000)
  region size 2048K, 2 young (4096K), 2 survivors (4096K)
 Metaspace       used 63679K, committed 64192K, reserved 1105920K
  class space    used 7532K, committed 7808K, reserved 1048576K
}
Event: 4661.353 GC heap before
{Heap before GC invocations=53 (full 5):
 garbage-first heap   total 73728K, used 54051K [0x0000000742200000, 0x0000000800000000)
  region size 2048K, 17 young (34816K), 2 survivors (4096K)
 Metaspace       used 63688K, committed 64256K, reserved 1105920K
  class space    used 7533K, committed 7808K, reserved 1048576K
}
Event: 4661.358 GC heap after
{Heap after GC invocations=54 (full 5):
 garbage-first heap   total 73728K, used 26188K [0x0000000742200000, 0x0000000800000000)
  region size 2048K, 2 young (4096K), 2 survivors (4096K)
 Metaspace       used 63688K, committed 64256K, reserved 1105920K
  class space    used 7533K, committed 7808K, reserved 1048576K
}
Event: 4832.118 GC heap before
{Heap before GC invocations=54 (full 5):
 garbage-first heap   total 73728K, used 52812K [0x0000000742200000, 0x0000000800000000)
  region size 2048K, 16 young (32768K), 2 survivors (4096K)
 Metaspace       used 63714K, committed 64320K, reserved 1105920K
  class space    used 7534K, committed 7872K, reserved 1048576K
}
Event: 4832.121 GC heap after
{Heap after GC invocations=55 (full 5):
 garbage-first heap   total 73728K, used 26225K [0x0000000742200000, 0x0000000800000000)
  region size 2048K, 1 young (2048K), 1 survivors (2048K)
 Metaspace       used 63714K, committed 64320K, reserved 1105920K
  class space    used 7534K, committed 7872K, reserved 1048576K
}
Event: 4937.568 GC heap before
{Heap before GC invocations=55 (full 5):
 garbage-first heap   total 73728K, used 40561K [0x0000000742200000, 0x0000000800000000)
  region size 2048K, 10 young (20480K), 1 survivors (2048K)
 Metaspace       used 63760K, committed 64384K, reserved 1105920K
  class space    used 7539K, committed 7872K, reserved 1048576K
}
Event: 4937.643 GC heap after
{Heap after GC invocations=56 (full 6):
 garbage-first heap   total 73728K, used 21868K [0x0000000742200000, 0x0000000800000000)
  region size 2048K, 0 young (0K), 0 survivors (0K)
 Metaspace       used 63710K, committed 64384K, reserved 1105920K
  class space    used 7535K, committed 7872K, reserved 1048576K
}
Event: 4938.537 GC heap before
{Heap before GC invocations=56 (full 6):
 garbage-first heap   total 73728K, used 54636K [0x0000000742200000, 0x0000000800000000)
  region size 2048K, 17 young (34816K), 0 survivors (0K)
 Metaspace       used 63788K, committed 64384K, reserved 1105920K
  class space    used 7553K, committed 7872K, reserved 1048576K
}
Event: 4938.540 GC heap after
{Heap after GC invocations=57 (full 6):
 garbage-first heap   total 73728K, used 24532K [0x0000000742200000, 0x0000000800000000)
  region size 2048K, 2 young (4096K), 2 survivors (4096K)
 Metaspace       used 63788K, committed 64384K, reserved 1105920K
  class space    used 7553K, committed 7872K, reserved 1048576K
}
Event: 4939.001 GC heap before
{Heap before GC invocations=57 (full 6):
 garbage-first heap   total 73728K, used 53204K [0x0000000742200000, 0x0000000800000000)
  region size 2048K, 17 young (34816K), 2 survivors (4096K)
 Metaspace       used 63935K, committed 64512K, reserved 1105920K
  class space    used 7569K, committed 7872K, reserved 1048576K
}
Event: 4939.010 GC heap after
{Heap after GC invocations=58 (full 6):
 garbage-first heap   total 73728K, used 25585K [0x0000000742200000, 0x0000000800000000)
  region size 2048K, 2 young (4096K), 2 survivors (4096K)
 Metaspace       used 63935K, committed 64512K, reserved 1105920K
  class space    used 7569K, committed 7872K, reserved 1048576K
}
Event: 4951.819 GC heap before
{Heap before GC invocations=58 (full 6):
 garbage-first heap   total 73728K, used 29681K [0x0000000742200000, 0x0000000800000000)
  region size 2048K, 5 young (10240K), 2 survivors (4096K)
 Metaspace       used 63986K, committed 64576K, reserved 1105920K
  class space    used 7572K, committed 7872K, reserved 1048576K
}

